# JRE version: OpenJDK Runtime Environment Corretto-11.0.14.10.1 (11.0.14.1+10) (build 11.0.14.1+10-LTS)
# Java VM: OpenJDK 64-Bit Server VM Corretto-11.0.14.10.1 (11.0.14.1+10-LTS, mixed mode, tiered, compressed oops, g1 gc, windows-amd64)
Heap:
 garbage-first heap   total 157696K, used 17698K [0x0000000081400000, 0x0000000100000000)
  region size 1024K, 7 young (7168K), 6 survivors (6144K)
 Metaspace       used 50639K, capacity 52047K, committed 52176K, reserved 1101824K
  class space    used 5891K, capacity 6443K, committed 6476K, reserved 1048576K
GC Heap History (16 events):
Event: 1.167 GC heap before
{Heap before GC invocations=0 (full 0):
 garbage-first heap   total 131072K, used 13312K [0x0000000081400000, 0x0000000100000000)
  region size 1024K, 14 young (14336K), 0 survivors (0K)
 Metaspace       used 10106K, capacity 10366K, committed 10496K, reserved 1058816K
  class space    used 932K, capacity 1008K, committed 1024K, reserved 1048576K
}
Event: 1.175 GC heap after
{Heap after GC invocations=1 (full 0):
 garbage-first heap   total 131072K, used 4351K [0x0000000081400000, 0x0000000100000000)
  region size 1024K, 2 young (2048K), 2 survivors (2048K)
 Metaspace       used 10106K, capacity 10366K, committed 10496K, reserved 1058816K
  class space    used 932K, capacity 1008K, committed 1024K, reserved 1048576K
}
Event: 1.583 GC heap before
{Heap before GC invocations=1 (full 0):
 garbage-first heap   total 131072K, used 11519K [0x0000000081400000, 0x0000000100000000)
  region size 1024K, 9 young (9216K), 2 survivors (2048K)
 Metaspace       used 12137K, capacity 12447K, committed 12672K, reserved 1060864K
  class space    used 1195K, capacity 1284K, committed 1408K, reserved 1048576K
}
Event: 1.587 GC heap after
{Heap after GC invocations=2 (full 0):
 garbage-first heap   total 131072K, used 4983K [0x0000000081400000, 0x0000000100000000)
  region size 1024K, 1 young (1024K), 1 survivors (1024K)
 Metaspace       used 12137K, capacity 12447K, committed 12672K, reserved 1060864K
  class space    used 1195K, capacity 1284K, committed 1408K, reserved 1048576K
}
Event: 2.565 GC heap before
{Heap before GC invocations=2 (full 0):
 garbage-first heap   total 131072K, used 29559K [0x0000000081400000, 0x0000000100000000)
  region size 1024K, 26 young (26624K), 1 survivors (1024K)
 Metaspace       used 18497K, capacity 19009K, committed 19200K, reserved 1067008K
  class space    used 1971K, capacity 2186K, committed 2304K, reserved 1048576K
}
Event: 2.570 GC heap after
{Heap after GC invocations=3 (full 0):
 garbage-first heap   total 131072K, used 6313K [0x0000000081400000, 0x0000000100000000)
  region size 1024K, 2 young (2048K), 2 survivors (2048K)
 Metaspace       used 18497K, capacity 19009K, committed 19200K, reserved 1067008K
  class space    used 1971K, capacity 2186K, committed 2304K, reserved 1048576K
}
Event: 2.886 GC heap before
{Heap before GC invocations=3 (full 0):
 garbage-first heap   total 131072K, used 16553K [0x0000000081400000, 0x0000000100000000)
  region size 1024K, 13 young (13312K), 2 survivors (2048K)
 Metaspace       used 20740K, capacity 21203K, committed 21296K, reserved 1069056K
  class space    used 2223K, capacity 2405K, committed 2432K, reserved 1048576K
}
Event: 2.894 GC heap after
{Heap after GC invocations=4 (full 0):
 garbage-first heap   total 131072K, used 6728K [0x0000000081400000, 0x0000000100000000)
  region size 1024K, 3 young (3072K), 3 survivors (3072K)
 Metaspace       used 20740K, capacity 21203K, committed 21296K, reserved 1069056K
  class space    used 2223K, capacity 2405K, committed 2432K, reserved 1048576K
}
Event: 4.208 GC heap before
{Heap before GC invocations=5 (full 0):
 garbage-first heap   total 131072K, used 45640K [0x0000000081400000, 0x0000000100000000)
  region size 1024K, 41 young (41984K), 3 survivors (3072K)
 Metaspace       used 25262K, capacity 25870K, committed 26108K, reserved 1073152K
  class space    used 2791K, capacity 3065K, committed 3148K, reserved 1048576K
}
Event: 4.217 GC heap after
{Heap after GC invocations=6 (full 0):
 garbage-first heap   total 131072K, used 8689K [0x0000000081400000, 0x0000000100000000)
  region size 1024K, 5 young (5120K), 5 survivors (5120K)
 Metaspace       used 25262K, capacity 25870K, committed 26108K, reserved 1073152K
  class space    used 2791K, capacity 3065K, committed 3148K, reserved 1048576K
}
Event: 7.852 GC heap before
{Heap before GC invocations=6 (full 0):
 garbage-first heap   total 131072K, used 70129K [0x0000000081400000, 0x0000000100000000)
  region size 1024K, 66 young (67584K), 5 survivors (5120K)
 Metaspace       used 34855K, capacity 35823K, committed 36048K, reserved 1081344K
  class space    used 3990K, capacity 4387K, committed 4428K, reserved 1048576K
}
Event: 7.871 GC heap after
{Heap after GC invocations=7 (full 0):
 garbage-first heap   total 131072K, used 12502K [0x0000000081400000, 0x0000000100000000)
  region size 1024K, 8 young (8192K), 8 survivors (8192K)
 Metaspace       used 34855K, capacity 35823K, committed 36048K, reserved 1081344K
  class space    used 3990K, capacity 4387K, committed 4428K, reserved 1048576K
}
Event: 736.991 GC heap before
{Heap before GC invocations=8 (full 0):
 garbage-first heap   total 131072K, used 81110K [0x0000000081400000, 0x0000000100000000)
  region size 1024K, 76 young (77824K), 8 survivors (8192K)
 Metaspace       used 49604K, capacity 50959K, committed 51280K, reserved 1093632K
  class space    used 5703K, capacity 6251K, committed 6348K, reserved 1048576K
}
Event: 737.024 GC heap after
{Heap after GC invocations=9 (full 0):
 garbage-first heap   total 157696K, used 17711K [0x0000000081400000, 0x0000000100000000)
  region size 1024K, 10 young (10240K), 10 survivors (10240K)
 Metaspace       used 49604K, capacity 50959K, committed 51280K, reserved 1093632K
  class space    used 5703K, capacity 6251K, committed 6348K, reserved 1048576K
}
Event: 737.158 GC heap before
{Heap before GC invocations=9 (full 0):
 garbage-first heap   total 157696K, used 19759K [0x0000000081400000, 0x0000000100000000)
  region size 1024K, 13 young (13312K), 10 survivors (10240K)
 Metaspace       used 50467K, capacity 51823K, committed 51920K, reserved 1101824K
  class space    used 5851K, capacity 6411K, committed 6476K, reserved 1048576K
}
Event: 737.180 GC heap after
{Heap after GC invocations=10 (full 0):
 garbage-first heap   total 157696K, used 17698K [0x0000000081400000, 0x0000000100000000)
  region size 1024K, 6 young (6144K), 6 survivors (6144K)
 Metaspace       used 50467K, capacity 51823K, committed 51920K, reserved 1101824K
  class space    used 5851K, capacity 6411K, committed 6476K, reserved 1048576K
}

